INFO:root:YET connected with 30.0 FPS and resolution (640, 480)
INFO:root:18 stimuli loaded
INFO:root: ... shaken, not stirred
INFO:root:Calibration screen loaded with 9 targets
INFO:root:Eye detection initialized: True
INFO:root:Calibration
INFO:root:Calibration
INFO:root:Calibration
INFO:root:Calibration
INFO:root:Calibration
INFO:root:Calibration
INFO:root:Calibration
INFO:root:Calibration
INFO:root:Validate
INFO:root:prepareStimulus
INFO:root:prepareStimulus
INFO:root:prepareStimulus
INFO:root:prepareStimulus
INFO:root:prepareStimulus
INFO:root:prepareStimulus
INFO:root:prepareStimulus
INFO:root:prepareStimulus
INFO:root:prepareStimulus
INFO:root:prepareStimulus
INFO:root:prepareStimulus
INFO:root:prepareStimulus
INFO:root:prepareStimulus
INFO:root:prepareStimulus
INFO:root:prepareStimulus
INFO:root:prepareStimulus
INFO:root:prepareStimulus
INFO:root:Thank You
